<?xml version="1.0" encoding="UTF-8"?>
<!-- Generated by org.testng.reporters.JUnitReportReporter -->
<testsuite skipped="0" hostname="DESKTOP-NNKP2EV" name="com.wbl.SearchResultsPageTest" tests="1" failures="0" timestamp="17 Jan 2020 21:38:12 GMT" time="32.321" errors="0">
  <testcase name="maxPriceSortTest" time="32.321" classname="com.wbl.SearchResultsPageTest"/>
</testsuite> <!-- com.wbl.SearchResultsPageTest -->
