<?xml version="1.0" encoding="UTF-8"?>
<!-- Generated by org.testng.reporters.JUnitReportReporter -->
<testsuite skipped="0" hostname="DESKTOP-NNKP2EV" name="com.wbl.HomePageTest" tests="2" failures="0" timestamp="17 Jan 2020 21:38:12 GMT" time="43.964" errors="0">
  <testcase name="searchTest" time="23.313" classname="com.wbl.HomePageTest"/>
  <testcase name="searchTest" time="20.651" classname="com.wbl.HomePageTest"/>
</testsuite> <!-- com.wbl.HomePageTest -->
