<?xml version="1.0" encoding="UTF-8"?>
<!-- Generated by org.testng.reporters.JUnitReportReporter -->
<testsuite skipped="0" hostname="DESKTOP-NNKP2EV" name="com.wbl.SearchResultDetailPageTest" tests="1" failures="0" timestamp="14 Jan 2020 18:36:44 GMT" time="26.282" errors="0">
  <testcase name="imagePresentTest" time="26.282" classname="com.wbl.SearchResultDetailPageTest"/>
</testsuite> <!-- com.wbl.SearchResultDetailPageTest -->
